<?xml version="1.0" encoding="UTF-8"?>
<!-- Generated by org.testng.reporters.JUnitReportReporter -->
<testsuite hostname="AYATAIN-F3ESFJ5" failures="0" tests="2" name="tests.TestsExamples" time="2.743" errors="0" timestamp="2023-05-19T13:53:56 IST" skipped="0">
  <testcase classname="tests.TestsExamples" name="test_2" time="0.920"/>
  <system-out/>
  <testcase classname="tests.TestsExamples" name="test_1" time="1.823"/>
  <system-out/>
</testsuite> <!-- tests.TestsExamples -->
